<?xml version="1.0" encoding="UTF-8"?>
<!-- Generated by org.testng.reporters.JUnitReportReporter -->
<testsuite hostname="DESKTOP-1QER1PA" failures="0" tests="2" name="com.searchmodule.tests.SearchTest" time="9.573" errors="0" timestamp="2021-11-30T13:43:24 JST" skipped="0">
  <testcase classname="com.searchmodule.tests.SearchTest" name="search" time="5.644"/>
  <system-out/>
  <testcase classname="com.searchmodule.tests.SearchTest" name="search" time="3.929"/>
  <system-out/>
</testsuite> <!-- com.searchmodule.tests.SearchTest -->
